\BOOKMARK [0][-]{chapter.1}{\376\377\000I\000n\000t\000r\000o\000d\000u\000c\000c\000i\000\363\000n}{}% 1
\BOOKMARK [0][-]{chapter.2}{\376\377\000C\000o\000n\000t\000e\000x\000t\000o\000\040\000y\000\040\000e\000s\000t\000a\000d\000o\000\040\000d\000e\000l\000\040\000a\000r\000t\000e\000\040}{}% 2
\BOOKMARK [1][-]{section.2.1}{\376\377\000C\000o\000n\000t\000e\000x\000t\000o}{chapter.2}% 3
\BOOKMARK [2][-]{subsection.2.1.1}{\376\377\000M\000o\000d\000e\000l\000o\000s\000\040\000g\000e\000n\000e\000r\000a\000t\000i\000v\000o\000s\000\040\000d\000e\000\040\000l\000e\000n\000g\000u\000a\000j\000e\000s}{section.2.1}% 4
\BOOKMARK [2][-]{subsection.2.1.2}{\376\377\000L\000a\000n\000g\000C\000h\000a\000i\000n}{section.2.1}% 5
\BOOKMARK [3][-]{section*.9}{\376\377\000L\000a\000n\000g\000C\000h\000a\000i\000n\000\040\000b\000\341\000s\000i\000c\000o}{subsection.2.1.2}% 6
\BOOKMARK [3][-]{section*.10}{\376\377\000M\000\351\000t\000o\000d\000o\000s}{subsection.2.1.2}% 7
\BOOKMARK [3][-]{section*.11}{\376\377\000L\000a\000n\000g\000G\000r\000a\000p\000h}{subsection.2.1.2}% 8
\BOOKMARK [3][-]{section*.12}{\376\377\000L\000a\000n\000g\000S\000m\000i\000t\000h}{subsection.2.1.2}% 9
\BOOKMARK [1][-]{section.2.2}{\376\377\000E\000s\000t\000a\000d\000o\000\040\000d\000e\000l\000\040\000a\000r\000t\000e}{chapter.2}% 10
\BOOKMARK [0][-]{chapter.3}{\376\377\000O\000b\000j\000e\000t\000i\000v\000o\000s\000\040\000y\000\040\000m\000e\000t\000o\000d\000o\000l\000o\000g\000\355\000a\000\040\000d\000e\000\040\000d\000e\000s\000a\000r\000r\000o\000l\000l\000o}{}% 11
\BOOKMARK [1][-]{section.3.1}{\376\377\000O\000b\000j\000e\000t\000i\000v\000o\000s}{chapter.3}% 12
\BOOKMARK [1][-]{section.3.2}{\376\377\000M\000e\000t\000o\000d\000o\000l\000o\000g\000\355\000a\000\040\000d\000e\000\040\000d\000e\000s\000a\000r\000r\000o\000l\000l\000o}{chapter.3}% 13
\BOOKMARK [2][-]{subsection.3.2.1}{\376\377\000P\000r\000e\000s\000u\000p\000u\000e\000s\000t\000o}{section.3.2}% 14
\BOOKMARK [0][-]{chapter.4}{\376\377\000A\000n\000\341\000l\000i\000s\000i\000s}{}% 15
\BOOKMARK [1][-]{section.4.1}{\376\377\000O\000b\000t\000e\000n\000c\000i\000\363\000n\000\040\000d\000e\000\040\000R\000e\000q\000u\000i\000s\000i\000t\000o\000s}{chapter.4}% 16
\BOOKMARK [1][-]{section.4.2}{\376\377\000R\000e\000q\000u\000i\000s\000i\000t\000o\000s\000\040\000f\000u\000n\000c\000i\000o\000n\000a\000l\000e\000s}{chapter.4}% 17
\BOOKMARK [1][-]{section.4.3}{\376\377\000R\000e\000q\000u\000i\000s\000i\000t\000o\000s\000\040\000n\000o\000\040\000f\000u\000n\000c\000i\000o\000n\000a\000l\000e\000s}{chapter.4}% 18
\BOOKMARK [1][-]{section.4.4}{\376\377\000R\000e\000q\000u\000i\000s\000i\000t\000o\000s\000\040\000d\000e\000\040\000i\000n\000f\000o\000r\000m\000a\000c\000i\000\363\000n}{chapter.4}% 19
\BOOKMARK [1][-]{section.4.5}{\376\377\000A\000c\000t\000o\000r\000e\000s}{chapter.4}% 20
\BOOKMARK [1][-]{section.4.6}{\376\377\000C\000a\000s\000o\000s\000\040\000d\000e\000\040\000u\000s\000o\000s}{chapter.4}% 21
\BOOKMARK [2][-]{subsection.4.6.1}{\376\377\000C\000a\000s\000o\000s\000\040\000d\000e\000\040\000u\000s\000o\000\040\000d\000e\000l\000\040\000u\000s\000u\000a\000r\000i\000o\000\040\000n\000o\000\040\000l\000o\000g\000u\000e\000a\000d\000o}{section.4.6}% 22
\BOOKMARK [2][-]{subsection.4.6.2}{\376\377\000C\000a\000s\000o\000s\000\040\000d\000e\000\040\000u\000s\000o\000\040\000d\000e\000l\000\040\000u\000s\000u\000a\000r\000i\000o\000\040\000l\000o\000g\000u\000e\000a\000d\000o}{section.4.6}% 23
\BOOKMARK [2][-]{subsection.4.6.3}{\376\377\000C\000a\000s\000o\000s\000\040\000d\000e\000\040\000u\000s\000o\000s\000\040\000d\000e\000\040\000a\000d\000m\000i\000n\000i\000s\000t\000r\000a\000d\000o\000r}{section.4.6}% 24
\BOOKMARK [0][-]{chapter.5}{\376\377\000D\000i\000s\000e\000\361\000o}{}% 25
\BOOKMARK [1][-]{section.5.1}{\376\377\000D\000i\000s\000e\000\361\000o\000\040\000d\000e\000\040\000l\000a\000\040\000a\000r\000q\000u\000i\000t\000e\000c\000t\000u\000r\000a}{chapter.5}% 26
\BOOKMARK [1][-]{section.5.2}{\376\377\000E\000l\000e\000m\000e\000n\000t\000o\000s\000\040\000d\000e\000\040\000l\000a\000\040\000a\000r\000q\000u\000i\000t\000e\000c\000t\000u\000r\000a}{chapter.5}% 27
\BOOKMARK [2][-]{subsection.5.2.1}{\376\377\000B\000a\000s\000e\000\040\000d\000e\000\040\000d\000a\000t\000o\000s}{section.5.2}% 28
\BOOKMARK [2][-]{subsection.5.2.2}{\376\377\000B\000a\000c\000k\000e\000n\000d}{section.5.2}% 29
\BOOKMARK [2][-]{subsection.5.2.3}{\376\377\000F\000r\000o\000n\000t\000e\000n\000d}{section.5.2}% 30
\BOOKMARK [1][-]{section.5.3}{\376\377\000D\000i\000s\000e\000\361\000o\000\040\000i\000n\000i\000c\000i\000a\000l\000\040\000d\000e\000\040\000l\000a\000\040\000i\000n\000t\000e\000r\000f\000a\000z}{chapter.5}% 31
\BOOKMARK [0][-]{chapter.6}{\376\377\000I\000m\000p\000l\000e\000m\000e\000n\000t\000a\000c\000i\000\363\000n}{}% 32
\BOOKMARK [1][-]{section.6.1}{\376\377\000S\000i\000s\000t\000e\000m\000a\000\040\000o\000p\000e\000r\000a\000t\000i\000v\000o}{chapter.6}% 33
\BOOKMARK [1][-]{section.6.2}{\376\377\000G\000i\000t\000H\000u\000b}{chapter.6}% 34
\BOOKMARK [1][-]{section.6.3}{\376\377\000E\000n\000t\000o\000r\000n\000o\000\040\000d\000e\000\040\000d\000e\000s\000a\000r\000r\000o\000l\000l\000o}{chapter.6}% 35
\BOOKMARK [1][-]{section.6.4}{\376\377\000B\000a\000s\000e\000\040\000d\000e\000\040\000d\000a\000t\000o\000s\000:\000\040\000M\000o\000n\000g\000o\000D\000B}{chapter.6}% 36
\BOOKMARK [1][-]{section.6.5}{\376\377\000B\000a\000c\000k\000E\000n\000d\000:\000\040\000P\000y\000t\000h\000o\000n\000,\000\040\000F\000a\000s\000t\000A\000P\000I\000\040\000y\000\040\000L\000a\000n\000g\000C\000h\000a\000i\000n}{chapter.6}% 37
\BOOKMARK [2][-]{subsection.6.5.1}{\376\377\000D\000B}{section.6.5}% 38
\BOOKMARK [2][-]{subsection.6.5.2}{\376\377\000U\000t\000i\000l\000s}{section.6.5}% 39
\BOOKMARK [2][-]{subsection.6.5.3}{\376\377\000M\000o\000d\000e\000l\000o\000s}{section.6.5}% 40
\BOOKMARK [2][-]{subsection.6.5.4}{\376\377\000G\000e\000s\000t\000o\000r\000e\000s}{section.6.5}% 41
\BOOKMARK [2][-]{subsection.6.5.5}{\376\377\000S\000e\000r\000v\000i\000c\000i\000o\000s}{section.6.5}% 42
\BOOKMARK [2][-]{subsection.6.5.6}{\376\377\000R\000u\000t\000a\000s}{section.6.5}% 43
\BOOKMARK [2][-]{subsection.6.5.7}{\376\377\000M\000a\000i\000n}{section.6.5}% 44
\BOOKMARK [1][-]{section.6.6}{\376\377\000F\000r\000o\000n\000t\000E\000n\000d\000:\000\040\000A\000n\000g\000u\000l\000a\000r}{chapter.6}% 45
\BOOKMARK [2][-]{subsection.6.6.1}{\376\377\000C\000o\000m\000p\000o\000n\000e\000n\000t\000e\000s}{section.6.6}% 46
\BOOKMARK [3][-]{section*.58}{\376\377\000H\000o\000m\000e}{subsection.6.6.1}% 47
\BOOKMARK [3][-]{section*.64}{\376\377\000R\000e\000g\000i\000s\000t\000r\000o}{subsection.6.6.1}% 48
\BOOKMARK [3][-]{section*.66}{\376\377\000L\000o\000g\000i\000n}{subsection.6.6.1}% 49
\BOOKMARK [3][-]{section*.68}{\376\377\000P\000r\000i\000n\000c\000i\000p\000a\000l}{subsection.6.6.1}% 50
\BOOKMARK [3][-]{section*.71}{\376\377\000A\000j\000u\000s\000t\000e\000s\000\040\000d\000e\000\040\000c\000u\000e\000n\000t\000a}{subsection.6.6.1}% 51
\BOOKMARK [1][-]{section.6.7}{\376\377\000P\000u\000e\000s\000t\000a\000\040\000e\000n\000\040\000m\000a\000r\000c\000h\000a}{chapter.6}% 52
\BOOKMARK [0][-]{chapter.7}{\376\377\000P\000r\000u\000e\000b\000a\000s}{}% 53
\BOOKMARK [1][-]{section.7.1}{\376\377\000P\000r\000u\000e\000b\000a\000s\000\040\000e\000n\000\040\000l\000a\000\040\000b\000a\000s\000e\000\040\000d\000e\000\040\000d\000a\000t\000o\000s}{chapter.7}% 54
\BOOKMARK [1][-]{section.7.2}{\376\377\000P\000r\000u\000e\000b\000a\000s\000\040\000e\000n\000\040\000e\000l\000\040\000b\000a\000c\000k\000e\000n\000d}{chapter.7}% 55
\BOOKMARK [2][-]{subsection.7.2.1}{\376\377\000P\000r\000u\000e\000b\000a\000s\000\040\000u\000n\000i\000t\000a\000r\000i\000a\000s\000\040\000y\000\040\000d\000e\000\040\000i\000n\000t\000e\000g\000r\000a\000c\000i\000\363\000n\000\040\000e\000n\000\040\000e\000l\000\040\000b\000a\000c\000k\000e\000n\000d}{section.7.2}% 56
\BOOKMARK [1][-]{section.7.3}{\376\377\000P\000r\000u\000e\000b\000a\000s\000\040\000e\000n\000\040\000e\000l\000\040\000f\000r\000o\000n\000t\000e\000n\000d}{chapter.7}% 57
\BOOKMARK [2][-]{subsection.7.3.1}{\376\377\000P\000r\000u\000e\000b\000a\000s\000\040\000u\000n\000i\000t\000a\000r\000i\000a\000s\000\040\000e\000n\000\040\000e\000l\000\040\000f\000r\000o\000n\000t\000e\000n\000d}{section.7.3}% 58
\BOOKMARK [1][-]{section.7.4}{\376\377\000P\000r\000u\000e\000b\000a\000s\000\040\000e\000x\000t\000r\000a\000s}{chapter.7}% 59
\BOOKMARK [1][-]{section.7.5}{\376\377\000C\000o\000n\000c\000l\000u\000s\000i\000\363\000n}{chapter.7}% 60
\BOOKMARK [0][-]{chapter.8}{\376\377\000C\000o\000n\000c\000l\000u\000s\000i\000o\000n\000e\000s}{}% 61
\BOOKMARK [1][-]{section.8.1}{\376\377\000C\000o\000n\000c\000l\000u\000s\000i\000o\000n\000e\000s\000\040\000g\000e\000n\000e\000r\000a\000l\000e\000s}{chapter.8}% 62
\BOOKMARK [1][-]{section.8.2}{\376\377\000C\000o\000n\000c\000l\000u\000s\000i\000o\000n\000e\000s\000\040\000a\000l\000i\000n\000e\000a\000d\000a\000s\000\040\000c\000o\000n\000\040\000l\000o\000s\000\040\000o\000b\000j\000e\000t\000i\000v\000o\000s}{chapter.8}% 63
\BOOKMARK [1][-]{section.8.3}{\376\377\000A\000l\000i\000n\000e\000a\000m\000i\000e\000n\000t\000o\000\040\000c\000o\000n\000\040\000l\000o\000s\000\040\000O\000b\000j\000e\000t\000i\000v\000o\000s\000\040\000d\000e\000\040\000D\000e\000s\000a\000r\000r\000o\000l\000l\000o\000\040\000S\000o\000s\000t\000e\000n\000i\000b\000l\000e\000\040\000\050\000O\000D\000S\000\051}{chapter.8}% 64
\BOOKMARK [1][-]{section.8.4}{\376\377\000T\000r\000a\000b\000a\000j\000o\000s\000\040\000f\000u\000t\000u\000r\000o\000s}{chapter.8}% 65
\BOOKMARK [1][-]{section.8.5}{\376\377\000C\000o\000n\000c\000l\000u\000s\000i\000o\000n\000e\000s\000\040\000p\000e\000r\000s\000o\000n\000a\000l\000e\000s}{chapter.8}% 66
\BOOKMARK [0][-]{section*.76}{\376\377\000B\000i\000b\000l\000i\000o\000g\000r\000a\000f\000\355\000a}{}% 67
